<?xml version="1.0" encoding="UTF-8"?>
<!-- Generated by org.testng.reporters.JUnitXMLReporter -->
<testsuite ignored="1" hostname="abhi-Lenovo-ideapad-330-15IKB" failures="0" tests="2" name="Test" time="59.762" errors="0" timestamp="2025-05-07T18:40:07 IST">
  <testcase classname="testCases.TC001_AccountRegistrationTest" name="verify_account_registration" time="11.97"/>
  <testcase classname="testCases.TC002_LoginTest" name="verify_login" time="16.124"/>
  <testcase classname="testCases.TC003_LoginDDT" name="verify_loginDDT" time="0.0">
    <ignored/>
  </testcase> <!-- verify_loginDDT -->
</testsuite> <!-- Test -->
