<?xml version="1.0" encoding="UTF-8"?>
<!-- Generated by org.testng.reporters.JUnitXMLReporter -->
<testsuite ignored="1" hostname="abhi-Lenovo-ideapad-330-15IKB" failures="0" tests="2" name="Test" time="24.846" errors="0" timestamp="2024-12-29T15:28:03 IST">
  <testcase classname="testCases.TC001_AccountRegistrationTest" name="verify_account_registration" time="7.342"/>
  <testcase classname="testCases.TC002_LoginTest" name="verify_login" time="4.048"/>
  <testcase classname="testCases.TC003_LoginDDT" name="verify_loginDDT" time="0.0">
    <ignored/>
  </testcase> <!-- verify_loginDDT -->
</testsuite> <!-- Test -->
